C51 COMPILER V9.59.0.0   MAIN                                                              11/06/2023 20:32:04 PAGE 1   


C51 COMPILER V9.59.0.0, COMPILATION OF MODULE MAIN
OBJECT MODULE PLACED IN .\Objects\main.obj
COMPILER INVOKED BY: E:\keil51\C51\BIN\C51.EXE main.c OPTIMIZE(8,SPEED) BROWSE DEBUG OBJECTEXTEND PRINT(.\Listings\main.
                    -lst) TABS(2) OBJECT(.\Objects\main.obj)

line level    source

   1          #include <REGX52.H>
   2          #include "LCD1602.h"
   3          #include <stdio.h>
   4          int i=0;
   5          int keyvalue[16]={0};
   6          int num;
   7          char  catStr(char* str1, char* str2)
   8          {
   9   1          while (*str1 != '\0')//指针后移
  10   1          {
  11   2              str1++;
  12   2          }
  13   1          while (*str2 != '\0')
  14   1          {
  15   2              *str1++ = *str2++;//此处先为*str1赋值，然后在指针后移，所以后面其实*str2='\0'
             -时，str1已经又自增一次了，只是没将'\0'赋给*str1，所以可以直接使用*str1='\0'结尾补上
  16   2          }
  17   1          *str1 = '\0';
  18   1          return 0;
  19   1      }
  20          void Delay20ms()    //@12.000MHz
  21          {
  22   1        unsigned char i, j;
  23   1      
  24   1        i = 39;
  25   1        j = 230;
  26   1        do
  27   1        {
  28   2          while (--j);
  29   2        } while (--i);
  30   1      }
  31          int matrixkey_onekey(){
  32   1          /*
  33   1        fuction:检测矩阵键盘使用的是哪个键,这个只检测一个键
  34   1        */
  35   1        P1=0xFF;
  36   1        P1_0=0;
  37   1        if(P1_4==0){Delay20ms();while(P1_4==0);Delay20ms();return 16;}
  38   1        if(P1_5==0){Delay20ms();while(P1_5==0);Delay20ms();return 12;}
  39   1        if(P1_6==0){Delay20ms();while(P1_6==0);Delay20ms();return 8;}
  40   1        if(P1_7==0){Delay20ms();while(P1_7==0);Delay20ms();return 4;}
  41   1        
  42   1         P1_1=0;
  43   1        if(P1_4==0){Delay20ms();while(P1_4==0);Delay20ms();return 15;}
  44   1        if(P1_5==0){Delay20ms();while(P1_5==0);Delay20ms();return 11;}
  45   1        if(P1_6==0){Delay20ms();while(P1_6==0);Delay20ms();return 7;}
  46   1        if(P1_7==0){Delay20ms();while(P1_7==0);Delay20ms();return 3;}
  47   1        
  48   1        P1_2=0;
  49   1        if(P1_4==0){Delay20ms();while(P1_4==0);Delay20ms();return 14;}
  50   1        if(P1_5==0){Delay20ms();while(P1_5==0);Delay20ms();return 10;}
  51   1        if(P1_6==0){Delay20ms();while(P1_6==0);Delay20ms();return 6;}
  52   1        if(P1_7==0){Delay20ms();while(P1_7==0);Delay20ms();return 2;}
  53   1        
C51 COMPILER V9.59.0.0   MAIN                                                              11/06/2023 20:32:04 PAGE 2   

  54   1        P1_3=0;
  55   1        if(P1_4==0){Delay20ms();while(P1_4==0);Delay20ms();return 13;}
  56   1        if(P1_5==0){Delay20ms();while(P1_5==0);Delay20ms();return 9;}
  57   1        if(P1_6==0){Delay20ms();while(P1_6==0);Delay20ms();return 5;}
  58   1        if(P1_7==0){Delay20ms();while(P1_7==0);Delay20ms();return 1;}
  59   1      
  60   1      }
  61          
  62          void matrix_key_get(int *key){
  63   1        P1_0=0;
  64   1        
  65   1        if(P1_4==0){key[15]=1;LCD_ShowNum(1,1,keyvalue[15],1);}
  66   1        if(P1_5==0){key[12]=1;}
  67   1        if(P1_6==0){key[8]=1;}
  68   1        if(P1_7==0){key[4]=1;}
  69   1        
  70   1        P1_1=0;
  71   1        if(P1_4==0){key[15]=1;}
  72   1        if(P1_5==0){key[11]=1;}
  73   1        if(P1_6==0){key[7]=1;}
  74   1        if(P1_7==0){key[3]=1;}
  75   1        P1_2=0;
  76   1        if(P1_4==0){key[13]=1;}
  77   1        if(P1_5==0){key[9]=1;}
  78   1        if(P1_6==0){key[5]=1;}
  79   1        if(P1_7==0){key[1]=1;}
  80   1        P1_3=0;
  81   1        if(P1_4==0){key[12]=1;}
  82   1        if(P1_5==0){key[8]=1;}
  83   1        if(P1_6==0){key[4]=1;}
  84   1        if(P1_7==0){key[0]=1;}
  85   1      }
  86          void matrix_multiplekey(int *key){
  87   1          /*
  88   1        fuction:检测矩阵键盘使用的是哪个键(可以多个键)
  89   1        */
  90   1        
  91   1      
  92   1        P1=0xFF;
  93   1        P1_0=0;
  94   1        if(P1_4==0){Delay20ms();while(P1_4==0){matrix_key_get(key);}Delay20ms();}
  95   1        if(P1_5==0){Delay20ms();while(P1_5==0){matrix_key_get(key);}Delay20ms();}
  96   1        if(P1_6==0){Delay20ms();while(P1_6==0){matrix_key_get(key);}Delay20ms();}
  97   1        if(P1_7==0){Delay20ms();while(P1_7==0){matrix_key_get(key);}Delay20ms();}
  98   1        P1_1=0;
  99   1        if(P1_4==0){Delay20ms();while(P1_4==0){matrix_key_get(key);}Delay20ms();}
 100   1        if(P1_5==0){Delay20ms();while(P1_5==0){matrix_key_get(key);}Delay20ms();}
 101   1        if(P1_6==0){Delay20ms();while(P1_6==0){matrix_key_get(key);}Delay20ms();}
 102   1        if(P1_7==0){Delay20ms();while(P1_7==0){matrix_key_get(key);}Delay20ms();}
 103   1        P1_2=0;
 104   1        if(P1_4==0){Delay20ms();while(P1_4==0){matrix_key_get(key);}Delay20ms();}
 105   1        if(P1_5==0){Delay20ms();while(P1_5==0){matrix_key_get(key);}Delay20ms();}
 106   1        if(P1_6==0){Delay20ms();while(P1_6==0){matrix_key_get(key);}Delay20ms();}
 107   1        if(P1_7==0){Delay20ms();while(P1_7==0){matrix_key_get(key);}Delay20ms();}
 108   1        P1_3=0;
 109   1        if(P1_4==0){Delay20ms();while(P1_4==0){matrix_key_get(key);}Delay20ms();}
 110   1        if(P1_5==0){Delay20ms();while(P1_5==0){matrix_key_get(key);}Delay20ms();}
 111   1        if(P1_6==0){Delay20ms();while(P1_6==0){matrix_key_get(key);}Delay20ms();}
 112   1        if(P1_7==0){Delay20ms();while(P1_7==0){matrix_key_get(key);}Delay20ms();}
 113   1      }
 114          
 115          void main(){
C51 COMPILER V9.59.0.0   MAIN                                                              11/06/2023 20:32:04 PAGE 3   

 116   1        
 117   1        LCD_Init();
 118   1        while(1){
 119   2        
 120   2          //matrix_multiplekey(keyvalue);
 121   2          num=matrixkey_onekey();
 122   2          LCD_ShowNum(1,1,num,2);
 123   2      //    for(i;i<16;i++){
 124   2      
 125   2      //      /*
 126   2      //  * @brief  在LCD1602指定位置开始显示所给数字
 127   2      //  * @param  Line 起始行位置，范围：1~2
 128   2      //  * @param  Column 起始列位置，范围：1~16
 129   2      //  * @param  Number 要显示的数字，范围：0~65535
 130   2      //  * @param  Length 要显示数字的长度，范围：1~5
 131   2      //  * @retval 无
 132   2      // 
 133   2      //    */
 134   2      //    
 135   2      //    }
 136   2        }
 137   1      }
*** WARNING C291 IN LINE 60 OF main.c: not every exit path returns a value


MODULE INFORMATION:   STATIC OVERLAYABLE
   CODE SIZE        =   1025    ----
   CONSTANT SIZE    =   ----    ----
   XDATA SIZE       =   ----    ----
   PDATA SIZE       =   ----    ----
   DATA SIZE        =     36      12
   IDATA SIZE       =   ----    ----
   BIT SIZE         =   ----    ----
END OF MODULE INFORMATION.


C51 COMPILATION COMPLETE.  1 WARNING(S),  0 ERROR(S)
