C51 COMPILER V9.59.0.0   MAIN                                                              11/09/2023 20:03:46 PAGE 1   


C51 COMPILER V9.59.0.0, COMPILATION OF MODULE MAIN
OBJECT MODULE PLACED IN .\Objects\main.obj
COMPILER INVOKED BY: E:\keil51\C51\BIN\C51.EXE main.c OPTIMIZE(8,SPEED) BROWSE DEBUG OBJECTEXTEND PRINT(.\Listings\main.
                    -lst) TABS(2) OBJECT(.\Objects\main.obj)

line level    source

   1          #include <REGX52.H>
   2          #include "LCD1602.h"
   3          #include "OneWire.h"
   4          #include "constant.h"
   5          #include "DS18B20.h"
   6          void main(){
   7   1        LCD_Init();
   8   1        LCD_ShowString(1,1,"Temperature:");
   9   1      
  10   1        while(1)
  11   1        {
  12   2          DS18B20_ConvertT();
  13   2          T=DS18B20_ReadT();
  14   2          if(T<0){
  15   3            LCD_ShowChar(2,1,'-');
  16   3            T=-T;
  17   3          }
  18   2          LCD_ShowNum(2,2,T,3);
  19   2          LCD_ShowChar(2,5,'.');
  20   2          LCD_ShowNum(2,6,(unsigned long)(T*10000)%10000,4);
  21   2        }
  22   1      }


MODULE INFORMATION:   STATIC OVERLAYABLE
   CODE SIZE        =    338    ----
   CONSTANT SIZE    =     13    ----
   XDATA SIZE       =   ----    ----
   PDATA SIZE       =   ----    ----
   DATA SIZE        =      2    ----
   IDATA SIZE       =   ----    ----
   BIT SIZE         =   ----    ----
END OF MODULE INFORMATION.


C51 COMPILATION COMPLETE.  0 WARNING(S),  0 ERROR(S)
