C51 COMPILER V9.59.0.0   FUCTION                                                           11/08/2023 21:14:52 PAGE 1   


C51 COMPILER V9.59.0.0, COMPILATION OF MODULE FUCTION
OBJECT MODULE PLACED IN .\Objects\fuction.obj
COMPILER INVOKED BY: E:\keil51\C51\BIN\C51.EXE fuction.c OPTIMIZE(8,SPEED) BROWSE DEBUG OBJECTEXTEND PRINT(.\Listings\fu
                    -ction.lst) TABS(2) OBJECT(.\Objects\fuction.obj)

line level    source

   1          #include <REGX52.H>
   2          
   3          void main()
   4          {
   5   1        while(1)
   6   1        {
   7   2        
   8   2        }
   9   1      
  10   1      }


MODULE INFORMATION:   STATIC OVERLAYABLE
   CODE SIZE        =      2    ----
   CONSTANT SIZE    =   ----    ----
   XDATA SIZE       =   ----    ----
   PDATA SIZE       =   ----    ----
   DATA SIZE        =   ----    ----
   IDATA SIZE       =   ----    ----
   BIT SIZE         =   ----    ----
END OF MODULE INFORMATION.


C51 COMPILATION COMPLETE.  0 WARNING(S),  0 ERROR(S)
